[2026-06-28 13:03:19,530] INFO autoreload Watching for file changes with StatReloader
[2026-06-28 13:04:00,685] ERROR log Internal Server Error: /api/users/register/
Traceback (most recent call last):
  File "/Users/pritampatil/coding/.venv/lib/python3.14/site-packages/django/core/handlers/exception.py", line 55, in inner
    response = get_response(request)
  File "/Users/pritampatil/coding/.venv/lib/python3.14/site-packages/django/core/handlers/base.py", line 198, in _get_response
    response = wrapped_callback(request, *callback_args, **callback_kwargs)
  File "/Users/pritampatil/coding/.venv/lib/python3.14/site-packages/django/views/decorators/csrf.py", line 65, in _view_wrapper
    return view_func(request, *args, **kwargs)
  File "/Users/pritampatil/coding/.venv/lib/python3.14/site-packages/django/views/generic/base.py", line 106, in view
    return self.dispatch(request, *args, **kwargs)
           ~~~~~~~~~~~~~^^^^^^^^^^^^^^^^^^^^^^^^^^
  File "/Users/pritampatil/coding/.venv/lib/python3.14/site-packages/rest_framework/views.py", line 515, in dispatch
    response = self.handle_exception(exc)
  File "/Users/pritampatil/coding/.venv/lib/python3.14/site-packages/rest_framework/views.py", line 475, in handle_exception
    self.raise_uncaught_exception(exc)
    ~~~~~~~~~~~~~~~~~~~~~~~~~~~~~^^^^^
  File "/Users/pritampatil/coding/.venv/lib/python3.14/site-packages/rest_framework/views.py", line 486, in raise_uncaught_exception
    raise exc
  File "/Users/pritampatil/coding/.venv/lib/python3.14/site-packages/rest_framework/views.py", line 512, in dispatch
    response = handler(request, *args, **kwargs)
  File "/Users/pritampatil/coding/project/project_1/backend/users/views.py", line 19, in post
    f"New user registered | username={serializer.username} | email={serializer.email}"
                                      ^^^^^^^^^^^^^^^^^^^
AttributeError: 'RegisterUserSerializer' object has no attribute 'username'
[2026-06-28 13:04:00,686] ERROR log "POST /api/users/register/ HTTP/1.1" 500 91602
[2026-06-28 13:06:41,351] INFO autoreload /Users/pritampatil/coding/project/project_1/backend/users/views.py changed, reloading.
[2026-06-28 13:06:41,649] INFO autoreload Watching for file changes with StatReloader
[2026-06-28 13:06:43,759] INFO autoreload /Users/pritampatil/coding/project/project_1/backend/users/views.py changed, reloading.
[2026-06-28 13:06:43,929] INFO autoreload Watching for file changes with StatReloader
[2026-06-28 13:06:48,467] WARNING views Registration failed | errors={'username': [ErrorDetail(string='A user with that username already exists.', code='unique')], 'email': [ErrorDetail(string='Email already exists.', code='invalid')]}
[2026-06-28 13:06:48,468] WARNING log Bad Request: /api/users/register/
[2026-06-28 13:06:48,468] WARNING log "POST /api/users/register/ HTTP/1.1" 400 92
[2026-06-28 13:07:10,101] INFO views New user registered | username=rekha | email=rekha@gmail.com
[2026-06-28 13:07:10,102] INFO log "POST /api/users/register/ HTTP/1.1" 201 122
[2026-06-28 13:09:32,947] INFO log "POST /api/users/login/ HTTP/1.1" 200 489
[2026-06-28 13:10:04,194] INFO views User logged out | username=rekha
[2026-06-28 13:10:04,195] INFO log "POST /api/users/logout/ HTTP/1.1" 200 38
